<?xml version="1.0" encoding="UTF-8"?>
<!-- Generated by org.testng.reporters.JUnitXMLReporter -->
<testsuite ignored="0" hostname="sarthakgiri-HP-ProBook-440-G4" failures="1" tests="1" name="SeleniumTest" time="97.626" errors="0" timestamp="2022-02-19T20:21:18 IST">
  <testcase classname="co.wipro.selenium.automation.flows.PrepaidNSO" name="mainMethod" time="97.588">
    <failure type="org.openqa.selenium.TimeoutException" message="ERROR: field &amp;quot;ime&amp;quot; took too long to load
Build info: version: &amp;apos;4.1.2&amp;apos;, revision: &amp;apos;9a5a329c5a&amp;apos;
System info: host: &amp;apos;sarthakgiri-HP-ProBook-440-G4&amp;apos;, ip: &amp;apos;127.0.1.1&amp;apos;, os.name: &amp;apos;Linux&amp;apos;, os.arch: &amp;apos;amd64&amp;apos;, os.version: &amp;apos;5.13.0-30-generic&amp;apos;, java.version: &amp;apos;17&amp;apos;
Driver info: driver.version: unknown">
      <![CDATA[org.openqa.selenium.TimeoutException: ERROR: field "ime" took too long to load
Build info: version: '4.1.2', revision: '9a5a329c5a'
System info: host: 'sarthakgiri-HP-ProBook-440-G4', ip: '127.0.1.1', os.name: 'Linux', os.arch: 'amd64', os.version: '5.13.0-30-generic', java.version: '17'
Driver info: driver.version: unknown
at co.wipro.selenium.automation.flows.LocalAutoFunctions.sendingKey(LocalAutoFunctions.java:346)
at co.wipro.selenium.automation.flows.PrepaidNSO.mainMethod(PrepaidNSO.java:41)
at java.base/java.util.ArrayList.forEach(ArrayList.java:1511)
at co.wipro.selenium.automation.execution.SeleniumTestNGExecution.main(SeleniumTestNGExecution.java:24)
... Removed 24 stack frames]]>
    </failure>
  </testcase> <!-- mainMethod -->
</testsuite> <!-- SeleniumTest -->
