<?xml version="1.0" encoding="UTF-8"?>
<testng-results ignored="0" total="1" passed="0" failed="1" skipped="0">
  <reporter-output>
    <line>
      <![CDATA[Website load: "https://www.verizon.com/"... SUCCESSFUL!]]>
    </line>
    <line>
      <![CDATA[Flow Start Date and Time: Sat Feb 19 20:19:41 IST 2022]]>
    </line>
    <line>
      <![CDATA[Button click: "VERIZON_SHOP"... SUCCESSFUL!]]>
    </line>
    <line>
      <![CDATA[Button click: "VERIZON_PREPAID_MENU"... SUCCESSFUL!]]>
    </line>
    <line>
      <![CDATA[Button click: "VERIZON_PREPAID_OVERVIEW"... SUCCESSFUL!]]>
    </line>
    <line>
      <![CDATA[Button click: "VERIZON_BYOD"... SUCCESSFUL!]]>
    </line>
    <line>
      <![CDATA[Button click: "VERIZON_JOIN"... SUCCESSFUL!]]>
    </line>
    <line>
      <![CDATA[Button click: "VERIZON_SMARTPHONE_DEVICE"... SUCCESSFUL!]]>
    </line>
    <line>
      <![CDATA[Button click: "VERIZON_CONTINUE_BUTTON"... SUCCESSFUL!]]>
    </line>
    <line>
      <![CDATA[Button click: "VERIZON_I_DONT_KNOW"... SUCCESSFUL!]]>
    </line>
    <line>
      <![CDATA[Sending Key to: "VERIZON_IMEI_NUMBER_FIELD"... FAILED!]]>
    </line>
  </reporter-output>
  <suite started-at="2022-02-19T20:19:41 IST" name="MainSuite" finished-at="2022-02-19T20:21:18 IST" duration-ms="97626">
    <groups>
    </groups>
    <test started-at="2022-02-19T20:19:41 IST" name="SeleniumTest" finished-at="2022-02-19T20:21:18 IST" duration-ms="97626">
      <class name="co.wipro.selenium.automation.flows.PrepaidNSO">
        <test-method signature="mainMethod()[pri:0, instance:co.wipro.selenium.automation.flows.PrepaidNSO@67c27493]" started-at="2022-02-19T20:19:41 IST" name="mainMethod" finished-at="2022-02-19T20:21:18 IST" duration-ms="97588" status="FAIL">
          <exception class="org.openqa.selenium.TimeoutException">
            <message>
              <![CDATA[ERROR: field "ime" took too long to load
Build info: version: '4.1.2', revision: '9a5a329c5a'
System info: host: 'sarthakgiri-HP-ProBook-440-G4', ip: '127.0.1.1', os.name: 'Linux', os.arch: 'amd64', os.version: '5.13.0-30-generic', java.version: '17'
Driver info: driver.version: unknown]]>
            </message>
            <full-stacktrace>
              <![CDATA[org.openqa.selenium.TimeoutException: ERROR: field "ime" took too long to load
Build info: version: '4.1.2', revision: '9a5a329c5a'
System info: host: 'sarthakgiri-HP-ProBook-440-G4', ip: '127.0.1.1', os.name: 'Linux', os.arch: 'amd64', os.version: '5.13.0-30-generic', java.version: '17'
Driver info: driver.version: unknown
at co.wipro.selenium.automation.flows.LocalAutoFunctions.sendingKey(LocalAutoFunctions.java:346)
at co.wipro.selenium.automation.flows.PrepaidNSO.mainMethod(PrepaidNSO.java:41)
at java.base/jdk.internal.reflect.NativeMethodAccessorImpl.invoke0(Native Method)
at java.base/jdk.internal.reflect.NativeMethodAccessorImpl.invoke(NativeMethodAccessorImpl.java:77)
at java.base/jdk.internal.reflect.DelegatingMethodAccessorImpl.invoke(DelegatingMethodAccessorImpl.java:43)
at java.base/java.lang.reflect.Method.invoke(Method.java:568)
at org.testng.internal.invokers.MethodInvocationHelper.invokeMethod(MethodInvocationHelper.java:135)
at org.testng.internal.invokers.TestInvoker.invokeMethod(TestInvoker.java:673)
at org.testng.internal.invokers.TestInvoker.invokeTestMethod(TestInvoker.java:220)
at org.testng.internal.invokers.MethodRunner.runInSequence(MethodRunner.java:50)
at org.testng.internal.invokers.TestInvoker$MethodInvocationAgent.invoke(TestInvoker.java:945)
at org.testng.internal.invokers.TestInvoker.invokeTestMethods(TestInvoker.java:193)
at org.testng.internal.invokers.TestMethodWorker.invokeTestMethods(TestMethodWorker.java:146)
at org.testng.internal.invokers.TestMethodWorker.run(TestMethodWorker.java:128)
at java.base/java.util.ArrayList.forEach(ArrayList.java:1511)
at org.testng.TestRunner.privateRun(TestRunner.java:808)
at org.testng.TestRunner.run(TestRunner.java:603)
at org.testng.SuiteRunner.runTest(SuiteRunner.java:429)
at org.testng.SuiteRunner.runSequentially(SuiteRunner.java:423)
at org.testng.SuiteRunner.privateRun(SuiteRunner.java:383)
at org.testng.SuiteRunner.run(SuiteRunner.java:326)
at org.testng.SuiteRunnerWorker.runSuite(SuiteRunnerWorker.java:52)
at org.testng.SuiteRunnerWorker.run(SuiteRunnerWorker.java:95)
at org.testng.TestNG.runSuitesSequentially(TestNG.java:1249)
at org.testng.TestNG.runSuitesLocally(TestNG.java:1169)
at org.testng.TestNG.runSuites(TestNG.java:1092)
at org.testng.TestNG.run(TestNG.java:1060)
at co.wipro.selenium.automation.execution.SeleniumTestNGExecution.main(SeleniumTestNGExecution.java:24)
]]>
            </full-stacktrace>
          </exception> <!-- org.openqa.selenium.TimeoutException -->
          <reporter-output>
            <line>
              <![CDATA[Website load: "https://www.verizon.com/"... SUCCESSFUL!]]>
            </line>
            <line>
              <![CDATA[Flow Start Date and Time: Sat Feb 19 20:19:41 IST 2022]]>
            </line>
            <line>
              <![CDATA[Button click: "VERIZON_SHOP"... SUCCESSFUL!]]>
            </line>
            <line>
              <![CDATA[Button click: "VERIZON_PREPAID_MENU"... SUCCESSFUL!]]>
            </line>
            <line>
              <![CDATA[Button click: "VERIZON_PREPAID_OVERVIEW"... SUCCESSFUL!]]>
            </line>
            <line>
              <![CDATA[Button click: "VERIZON_BYOD"... SUCCESSFUL!]]>
            </line>
            <line>
              <![CDATA[Button click: "VERIZON_JOIN"... SUCCESSFUL!]]>
            </line>
            <line>
              <![CDATA[Button click: "VERIZON_SMARTPHONE_DEVICE"... SUCCESSFUL!]]>
            </line>
            <line>
              <![CDATA[Button click: "VERIZON_CONTINUE_BUTTON"... SUCCESSFUL!]]>
            </line>
            <line>
              <![CDATA[Button click: "VERIZON_I_DONT_KNOW"... SUCCESSFUL!]]>
            </line>
            <line>
              <![CDATA[Sending Key to: "VERIZON_IMEI_NUMBER_FIELD"... FAILED!]]>
            </line>
          </reporter-output>
        </test-method> <!-- mainMethod -->
      </class> <!-- co.wipro.selenium.automation.flows.PrepaidNSO -->
    </test> <!-- SeleniumTest -->
  </suite> <!-- MainSuite -->
</testng-results>
