<?xml version="1.0" encoding="UTF-8"?>
<testng-results ignored="0" total="1" passed="1" failed="0" skipped="0">
  <reporter-output>
  </reporter-output>
  <suite started-at="2022-02-14T00:15:58 IST" name="MainSuite" finished-at="2022-02-14T00:18:31 IST" duration-ms="153878">
    <groups>
    </groups>
    <test started-at="2022-02-14T00:15:58 IST" name="SeleniumTest" finished-at="2022-02-14T00:18:31 IST" duration-ms="153878">
      <class name="co.wipro.selenium.automation.flows.PrepaidNSO">
        <test-method signature="mainMethod()[pri:0, instance:co.wipro.selenium.automation.flows.PrepaidNSO@67c27493]" started-at="2022-02-14T00:15:58 IST" name="mainMethod" finished-at="2022-02-14T00:18:31 IST" duration-ms="153842" status="PASS">
          <reporter-output>
          </reporter-output>
        </test-method> <!-- mainMethod -->
      </class> <!-- co.wipro.selenium.automation.flows.PrepaidNSO -->
    </test> <!-- SeleniumTest -->
  </suite> <!-- MainSuite -->
</testng-results>
